  AimAndShoot.cpp
c:\users\cameron\documents\github\sdlgameengine\sdlgameengine\sdlgameengine\aimandshoot.cpp(27): warning C4244: 'argument': conversion from 'double' to 'const float', possible loss of data
  Align.cpp
c:\users\cameron\documents\github\sdlgameengine\sdlgameengine\sdlgameengine\align.cpp(19): warning C4244: 'initializing': conversion from 'int' to 'float', possible loss of data
c:\users\cameron\documents\github\sdlgameengine\sdlgameengine\sdlgameengine\align.cpp(20): warning C4244: 'argument': conversion from 'double' to 'float', possible loss of data
c:\users\cameron\documents\github\sdlgameengine\sdlgameengine\sdlgameengine\align.cpp(26): warning C4244: 'initializing': conversion from 'double' to 'float', possible loss of data
c:\users\cameron\documents\github\sdlgameengine\sdlgameengine\sdlgameengine\align.cpp(56): warning C4244: '=': conversion from 'double' to 'float', possible loss of data
  Arrive.cpp
  AudioManager.cpp
  Behaviour.cpp
  BehaviourTree.cpp
  BoxCollider.cpp
c:\users\cameron\documents\github\sdlgameengine\sdlgameengine\sdlgameengine\boxcollider.cpp(67): warning C4244: 'argument': conversion from 'int' to 'float', possible loss of data
c:\users\cameron\documents\github\sdlgameengine\sdlgameengine\sdlgameengine\boxcollider.cpp(75): warning C4244: 'argument': conversion from 'float' to 'int', possible loss of data
c:\users\cameron\documents\github\sdlgameengine\sdlgameengine\sdlgameengine\boxcollider.cpp(76): warning C4244: 'argument': conversion from 'float' to 'int', possible loss of data
c:\users\cameron\documents\github\sdlgameengine\sdlgameengine\sdlgameengine\boxcollider.cpp(77): warning C4244: 'argument': conversion from 'float' to 'int', possible loss of data
c:\users\cameron\documents\github\sdlgameengine\sdlgameengine\sdlgameengine\boxcollider.cpp(78): warning C4244: 'argument': conversion from 'float' to 'int', possible loss of data
  BTAction.cpp
  BTBlackboard.cpp
  BTComposite.cpp
  BTCondition.cpp
  BTDecorator.cpp
  BTInverter.cpp
  BTNode.cpp
  BTNonLeafNode.cpp
  BTRoot.cpp
  BTSequence.cpp
  BTSelector.cpp
  Bullet.cpp
c:\users\cameron\documents\github\sdlgameengine\sdlgameengine\sdlgameengine\bullet.cpp(52): warning C4244: '=': conversion from 'float' to 'int', possible loss of data
c:\users\cameron\documents\github\sdlgameengine\sdlgameengine\sdlgameengine\bullet.cpp(76): warning C4244: 'initializing': conversion from 'int' to 'float', possible loss of data
  Button.cpp
  Generating Code...
  Compiling...
  Camera.cpp
  CameraFollow.cpp
c:\users\cameron\documents\github\sdlgameengine\sdlgameengine\sdlgameengine\camerafollow.cpp(18): warning C4244: '=': conversion from 'float' to 'int', possible loss of data
c:\users\cameron\documents\github\sdlgameengine\sdlgameengine\sdlgameengine\camerafollow.cpp(19): warning C4244: '=': conversion from 'float' to 'int', possible loss of data
  CanSeePlayer.cpp
  Collider.cpp
  Collision.cpp
  Color.cpp
  Component.cpp
  ContactListener.cpp
  DrawPath.cpp
c:\users\cameron\documents\github\sdlgameengine\sdlgameengine\sdlgameengine\drawpath.cpp(18): warning C4244: 'initializing': conversion from 'int' to 'float', possible loss of data
c:\users\cameron\documents\github\sdlgameengine\sdlgameengine\sdlgameengine\drawpath.cpp(19): warning C4244: 'initializing': conversion from 'int' to 'float', possible loss of data
c:\users\cameron\documents\github\sdlgameengine\sdlgameengine\sdlgameengine\drawpath.cpp(21): warning C4244: 'initializing': conversion from 'int' to 'float', possible loss of data
c:\users\cameron\documents\github\sdlgameengine\sdlgameengine\sdlgameengine\drawpath.cpp(22): warning C4244: 'initializing': conversion from 'int' to 'float', possible loss of data
c:\users\cameron\documents\github\sdlgameengine\sdlgameengine\sdlgameengine\drawpath.cpp(27): warning C4244: 'initializing': conversion from 'int' to 'float', possible loss of data
c:\users\cameron\documents\github\sdlgameengine\sdlgameengine\sdlgameengine\drawpath.cpp(28): warning C4244: 'initializing': conversion from 'int' to 'float', possible loss of data
c:\users\cameron\documents\github\sdlgameengine\sdlgameengine\sdlgameengine\drawpath.cpp(30): warning C4244: 'initializing': conversion from 'float' to 'int', possible loss of data
c:\users\cameron\documents\github\sdlgameengine\sdlgameengine\sdlgameengine\drawpath.cpp(31): warning C4244: 'initializing': conversion from 'float' to 'int', possible loss of data
c:\users\cameron\documents\github\sdlgameengine\sdlgameengine\sdlgameengine\drawpath.cpp(33): warning C4244: 'initializing': conversion from 'float' to 'int', possible loss of data
c:\users\cameron\documents\github\sdlgameengine\sdlgameengine\sdlgameengine\drawpath.cpp(34): warning C4244: 'initializing': conversion from 'float' to 'int', possible loss of data
c:\users\cameron\documents\github\sdlgameengine\sdlgameengine\sdlgameengine\drawpath.cpp(40): warning C4244: 'argument': conversion from 'float' to 'int', possible loss of data
c:\users\cameron\documents\github\sdlgameengine\sdlgameengine\sdlgameengine\drawpath.cpp(41): warning C4244: 'argument': conversion from 'float' to 'int', possible loss of data
c:\users\cameron\documents\github\sdlgameengine\sdlgameengine\sdlgameengine\drawpath.cpp(50): warning C4244: 'argument': conversion from 'float' to 'int', possible loss of data
c:\users\cameron\documents\github\sdlgameengine\sdlgameengine\sdlgameengine\drawpath.cpp(49): warning C4244: 'argument': conversion from 'float' to 'int', possible loss of data
c:\users\cameron\documents\github\sdlgameengine\sdlgameengine\sdlgameengine\drawpath.cpp(48): warning C4244: 'argument': conversion from 'float' to 'int', possible loss of data
c:\users\cameron\documents\github\sdlgameengine\sdlgameengine\sdlgameengine\drawpath.cpp(47): warning C4244: 'argument': conversion from 'float' to 'int', possible loss of data
  Enemy.cpp
c:\users\cameron\documents\github\sdlgameengine\sdlgameengine\sdlgameengine\enemy.cpp(54): warning C4244: 'argument': conversion from 'double' to 'float', possible loss of data
c:\users\cameron\documents\github\sdlgameengine\sdlgameengine\sdlgameengine\enemy.cpp(55): warning C4244: 'argument': conversion from 'float' to 'int', possible loss of data
c:\users\cameron\documents\github\sdlgameengine\sdlgameengine\sdlgameengine\enemy.cpp(56): warning C4244: 'argument': conversion from 'float' to 'int', possible loss of data
c:\users\cameron\documents\github\sdlgameengine\sdlgameengine\sdlgameengine\enemy.cpp(57): warning C4244: 'argument': conversion from 'float' to 'int', possible loss of data
c:\users\cameron\documents\github\sdlgameengine\sdlgameengine\sdlgameengine\enemy.cpp(58): warning C4244: 'argument': conversion from 'float' to 'int', possible loss of data
c:\users\cameron\documents\github\sdlgameengine\sdlgameengine\sdlgameengine\enemy.cpp(59): warning C4244: 'argument': conversion from 'float' to 'int', possible loss of data
  EnemyBlackboard.cpp
  EnemyShoot.cpp
  Flee.cpp
  Investigate.cpp
  MenuControls.cpp
  MoveInCircle.cpp
c:\users\cameron\documents\github\sdlgameengine\sdlgameengine\sdlgameengine\moveincircle.cpp(26): warning C4244: 'argument': conversion from 'double' to 'const float', possible loss of data
  ObstacleAvoidance.cpp
c:\users\cameron\documents\github\sdlgameengine\sdlgameengine\sdlgameengine\obstacleavoidance.cpp(45): warning C4244: 'argument': conversion from 'float' to 'int', possible loss of data
c:\users\cameron\documents\github\sdlgameengine\sdlgameengine\sdlgameengine\obstacleavoidance.cpp(46): warning C4244: 'argument': conversion from 'float' to 'int', possible loss of data
  Pathfinder.cpp
c:\users\cameron\documents\github\sdlgameengine\sdlgameengine\sdlgameengine\pathfinder.cpp(24): warning C4244: 'initializing': conversion from 'int' to 'float', possible loss of data
c:\users\cameron\documents\github\sdlgameengine\sdlgameengine\sdlgameengine\pathfinder.cpp(25): warning C4244: 'initializing': conversion from 'int' to 'float', possible loss of data
  PathfindingDemo.cpp
  PathFollowing.cpp
c:\users\cameron\documents\github\sdlgameengine\sdlgameengine\sdlgameengine\pathfollowing.cpp(72): warning C4244: 'argument': conversion from 'float' to 'int', possible loss of data
  Generating Code...
  Compiling...
  PathNode.cpp
  Patrol.cpp
c:\users\cameron\documents\github\sdlgameengine\sdlgameengine\sdlgameengine\patrol.cpp(24): warning C4244: 'argument': conversion from 'int' to 'float', possible loss of data
c:\users\cameron\documents\github\sdlgameengine\sdlgameengine\sdlgameengine\patrol.cpp(25): warning C4244: '=': conversion from 'int' to 'float', possible loss of data
  PlayerControls.cpp
c:\users\cameron\documents\github\sdlgameengine\sdlgameengine\sdlgameengine\playercontrols.cpp(49): warning C4244: 'argument': conversion from 'int' to 'float', possible loss of data
c:\users\cameron\documents\github\sdlgameengine\sdlgameengine\sdlgameengine\playercontrols.cpp(53): warning C4244: 'argument': conversion from 'double' to 'const float', possible loss of data
  PlayerStats.cpp
  Pursue.cpp
  Ray.cpp
  RaycastHit.cpp
  Scene1.cpp
c:\users\cameron\documents\github\sdlgameengine\sdlgameengine\sdlgameengine\scene1.cpp(63): warning C4244: 'argument': conversion from 'int' to 'const float', possible loss of data
c:\users\cameron\documents\github\sdlgameengine\sdlgameengine\sdlgameengine\scene1.cpp(69): warning C4244: 'argument': conversion from 'int' to 'const float', possible loss of data
c:\users\cameron\documents\github\sdlgameengine\sdlgameengine\sdlgameengine\scene1.cpp(73): warning C4244: 'argument': conversion from 'int' to 'const float', possible loss of data
c:\users\cameron\documents\github\sdlgameengine\sdlgameengine\sdlgameengine\scene1.cpp(77): warning C4244: 'argument': conversion from 'int' to 'const float', possible loss of data
c:\users\cameron\documents\github\sdlgameengine\sdlgameengine\sdlgameengine\scene1.cpp(81): warning C4244: 'argument': conversion from 'int' to 'const float', possible loss of data
c:\users\cameron\documents\github\sdlgameengine\sdlgameengine\sdlgameengine\scene1.cpp(85): warning C4244: 'argument': conversion from 'int' to 'const float', possible loss of data
c:\users\cameron\documents\github\sdlgameengine\sdlgameengine\sdlgameengine\scene1.cpp(89): warning C4244: 'argument': conversion from 'int' to 'const float', possible loss of data
c:\users\cameron\documents\github\sdlgameengine\sdlgameengine\sdlgameengine\scene1.cpp(93): warning C4244: 'argument': conversion from 'int' to 'const float', possible loss of data
c:\users\cameron\documents\github\sdlgameengine\sdlgameengine\sdlgameengine\scene1.cpp(97): warning C4244: 'argument': conversion from 'int' to 'const float', possible loss of data
c:\users\cameron\documents\github\sdlgameengine\sdlgameengine\sdlgameengine\scene1.cpp(109): warning C4244: 'argument': conversion from 'int' to 'const float', possible loss of data
c:\users\cameron\documents\github\sdlgameengine\sdlgameengine\sdlgameengine\scene1.cpp(187): warning C4244: 'argument': conversion from 'int' to 'const float', possible loss of data
  SceneInstruct.cpp
  SceneMenu.cpp
  SceneUpgrade.cpp
  Seek.cpp
  Shoot.cpp
  Shooter.cpp
c:\users\cameron\documents\github\sdlgameengine\sdlgameengine\sdlgameengine\shooter.cpp(145): warning C4309: 'argument': truncation of constant value
c:\users\cameron\documents\github\sdlgameengine\sdlgameengine\sdlgameengine\shooter.cpp(154): warning C4244: 'argument': conversion from 'int' to 'const float', possible loss of data
c:\users\cameron\documents\github\sdlgameengine\sdlgameengine\sdlgameengine\shooter.cpp(244): warning C4309: 'argument': truncation of constant value
c:\users\cameron\documents\github\sdlgameengine\sdlgameengine\sdlgameengine\shooter.cpp(253): warning C4244: 'argument': conversion from 'int' to 'const float', possible loss of data
c:\users\cameron\documents\github\sdlgameengine\sdlgameengine\sdlgameengine\shooter.cpp(343): warning C4309: 'argument': truncation of constant value
c:\users\cameron\documents\github\sdlgameengine\sdlgameengine\sdlgameengine\shooter.cpp(352): warning C4244: 'argument': conversion from 'int' to 'const float', possible loss of data
  ShouldInvestigate.cpp
  SimpleEvent.cpp
  SimpleEventListener.cpp
  Game.cpp
  GameObject.cpp
  Input.cpp
c:\users\cameron\documents\github\sdlgameengine\sdlgameengine\sdlgameengine\input.cpp(126): warning C4244: 'argument': conversion from 'int' to 'float', possible loss of data
  Generating Code...
  Compiling...
  LayerdStorage.cpp
  main.cpp
  Module.cpp
  Physics.cpp
  Rect.cpp
  Renderer.cpp
  RenderModule.cpp
  Rigidbody.cpp
c:\users\cameron\documents\github\sdlgameengine\sdlgameengine\sdlgameengine\rigidbody.cpp(46): warning C4244: '=': conversion from 'double' to 'float32', possible loss of data
c:\users\cameron\documents\github\sdlgameengine\sdlgameengine\sdlgameengine\rigidbody.cpp(118): warning C4244: 'argument': conversion from 'double' to 'const float', possible loss of data
c:\users\cameron\documents\github\sdlgameengine\sdlgameengine\sdlgameengine\rigidbody.cpp(200): warning C4244: 'argument': conversion from 'double' to 'float32', possible loss of data
  Scene.cpp
  SpawnEnemies.cpp
c:\users\cameron\documents\github\sdlgameengine\sdlgameengine\sdlgameengine\spawnenemies.cpp(46): warning C4244: 'argument': conversion from 'int' to 'const float', possible loss of data
c:\users\cameron\documents\github\sdlgameengine\sdlgameengine\sdlgameengine\spawnenemies.cpp(58): warning C4390: ';': empty controlled statement found; is this the intent?
  Sprite.cpp
  SpriteRenderer.cpp
c:\users\cameron\documents\github\sdlgameengine\sdlgameengine\sdlgameengine\spriterenderer.cpp(63): warning C4244: 'initializing': conversion from 'float' to 'int', possible loss of data
c:\users\cameron\documents\github\sdlgameengine\sdlgameengine\sdlgameengine\spriterenderer.cpp(64): warning C4244: 'initializing': conversion from 'float' to 'int', possible loss of data
c:\users\cameron\documents\github\sdlgameengine\sdlgameengine\sdlgameengine\spriterenderer.cpp(65): warning C4244: '=': conversion from 'float' to 'int', possible loss of data
c:\users\cameron\documents\github\sdlgameengine\sdlgameengine\sdlgameengine\spriterenderer.cpp(66): warning C4244: '=': conversion from 'float' to 'int', possible loss of data
c:\users\cameron\documents\github\sdlgameengine\sdlgameengine\sdlgameengine\spriterenderer.cpp(67): warning C4244: 'initializing': conversion from 'float' to 'int', possible loss of data
c:\users\cameron\documents\github\sdlgameengine\sdlgameengine\sdlgameengine\spriterenderer.cpp(68): warning C4244: 'initializing': conversion from 'float' to 'int', possible loss of data
  SteeringAgent.cpp
c:\users\cameron\documents\github\sdlgameengine\sdlgameengine\sdlgameengine\steeringagent.cpp(48): warning C4244: 'argument': conversion from 'double' to 'const float', possible loss of data
  SteeringBehaviour.cpp
  Stop.cpp
  TextRenderer.cpp
c:\users\cameron\documents\github\sdlgameengine\sdlgameengine\sdlgameengine\textrenderer.cpp(11): warning C4309: 'argument': truncation of constant value
c:\users\cameron\documents\github\sdlgameengine\sdlgameengine\sdlgameengine\textrenderer.cpp(51): warning C4244: 'initializing': conversion from 'float' to 'int', possible loss of data
c:\users\cameron\documents\github\sdlgameengine\sdlgameengine\sdlgameengine\textrenderer.cpp(52): warning C4244: 'initializing': conversion from 'float' to 'int', possible loss of data
c:\users\cameron\documents\github\sdlgameengine\sdlgameengine\sdlgameengine\textrenderer.cpp(53): warning C4244: '=': conversion from 'float' to 'int', possible loss of data
c:\users\cameron\documents\github\sdlgameengine\sdlgameengine\sdlgameengine\textrenderer.cpp(54): warning C4244: '=': conversion from 'float' to 'int', possible loss of data
c:\users\cameron\documents\github\sdlgameengine\sdlgameengine\sdlgameengine\textrenderer.cpp(55): warning C4244: 'initializing': conversion from 'float' to 'int', possible loss of data
c:\users\cameron\documents\github\sdlgameengine\sdlgameengine\sdlgameengine\textrenderer.cpp(56): warning C4244: 'initializing': conversion from 'float' to 'int', possible loss of data
  Time.cpp
c:\users\cameron\documents\github\sdlgameengine\sdlgameengine\sdlgameengine\time.cpp(35): warning C4244: '=': conversion from '_Rep' to 'float', possible loss of data
          with
          [
              _Rep=double
          ]
c:\users\cameron\documents\github\sdlgameengine\sdlgameengine\sdlgameengine\time.cpp(73): warning C4244: 'return': conversion from '_Rep' to 'const float', possible loss of data
          with
          [
              _Rep=double
          ]
  Transform.cpp
c:\users\cameron\documents\github\sdlgameengine\sdlgameengine\sdlgameengine\transform.cpp(74): warning C4244: 'argument': conversion from 'double' to 'const float', possible loss of data
c:\users\cameron\documents\github\sdlgameengine\sdlgameengine\sdlgameengine\transform.cpp(93): warning C4244: 'argument': conversion from 'double' to 'const float', possible loss of data
c:\users\cameron\documents\github\sdlgameengine\sdlgameengine\sdlgameengine\transform.cpp(278): warning C4244: 'initializing': conversion from 'double' to 'const float', possible loss of data
c:\users\cameron\documents\github\sdlgameengine\sdlgameengine\sdlgameengine\transform.cpp(284): warning C4244: 'initializing': conversion from 'double' to 'const float', possible loss of data
  UpdateTarget.cpp
c:\users\cameron\documents\github\sdlgameengine\sdlgameengine\sdlgameengine\updatetarget.cpp(25): warning C4244: '=': conversion from 'int' to 'float', possible loss of data
c:\users\cameron\documents\github\sdlgameengine\sdlgameengine\sdlgameengine\updatetarget.cpp(26): warning C4244: '=': conversion from 'int' to 'float', possible loss of data
  UpdateVectorTarget.cpp
c:\users\cameron\documents\github\sdlgameengine\sdlgameengine\sdlgameengine\updatevectortarget.cpp(53): warning C4244: 'argument': conversion from 'double' to 'const float', possible loss of data
c:\users\cameron\documents\github\sdlgameengine\sdlgameengine\sdlgameengine\updatevectortarget.cpp(71): warning C4244: 'argument': conversion from 'double' to 'const float', possible loss of data
c:\users\cameron\documents\github\sdlgameengine\sdlgameengine\sdlgameengine\updatevectortarget.cpp(88): warning C4244: 'argument': conversion from 'double' to 'const float', possible loss of data
c:\users\cameron\documents\github\sdlgameengine\sdlgameengine\sdlgameengine\updatevectortarget.cpp(105): warning C4244: 'argument': conversion from 'double' to 'const float', possible loss of data
  Generating Code...
c:\users\cameron\documents\github\sdlgameengine\sdlgameengine\sdlgameengine\time.cpp(73): warning C4172: returning address of local variable or temporary
c:\users\cameron\documents\github\sdlgameengine\sdlgameengine\sdlgameengine\rigidbody.cpp(83): warning C4715: 'Rigidbody::ConvertToB2Type': not all control paths return a value
  Compiling...
  Vector2.cpp
c:\users\cameron\documents\github\sdlgameengine\sdlgameengine\sdlgameengine\vector2.cpp(16): warning C4244: 'return': conversion from 'double' to 'float', possible loss of data
c:\users\cameron\documents\github\sdlgameengine\sdlgameengine\sdlgameengine\vector2.cpp(18): warning C4244: 'return': conversion from 'double' to 'float', possible loss of data
c:\users\cameron\documents\github\sdlgameengine\sdlgameengine\sdlgameengine\vector2.cpp(49): warning C4244: 'argument': conversion from 'double' to 'float', possible loss of data
  Generating Code...
Box2D.lib(b2ChainShape.obj) : warning LNK4099: PDB 'Box2D.pdb' was not found with 'Box2D.lib(b2ChainShape.obj)' or at 'C:\Users\Cameron\Documents\GitHub\SDLGameEngine\SDLGameEngine\Debug\Box2D.pdb'; linking object as if no debug info
Box2D.lib(b2EdgeShape.obj) : warning LNK4099: PDB 'Box2D.pdb' was not found with 'Box2D.lib(b2EdgeShape.obj)' or at 'C:\Users\Cameron\Documents\GitHub\SDLGameEngine\SDLGameEngine\Debug\Box2D.pdb'; linking object as if no debug info
Box2D.lib(b2PolygonShape.obj) : warning LNK4099: PDB 'Box2D.pdb' was not found with 'Box2D.lib(b2PolygonShape.obj)' or at 'C:\Users\Cameron\Documents\GitHub\SDLGameEngine\SDLGameEngine\Debug\Box2D.pdb'; linking object as if no debug info
Box2D.lib(b2BroadPhase.obj) : warning LNK4099: PDB 'Box2D.pdb' was not found with 'Box2D.lib(b2BroadPhase.obj)' or at 'C:\Users\Cameron\Documents\GitHub\SDLGameEngine\SDLGameEngine\Debug\Box2D.pdb'; linking object as if no debug info
Box2D.lib(b2CollideCircle.obj) : warning LNK4099: PDB 'Box2D.pdb' was not found with 'Box2D.lib(b2CollideCircle.obj)' or at 'C:\Users\Cameron\Documents\GitHub\SDLGameEngine\SDLGameEngine\Debug\Box2D.pdb'; linking object as if no debug info
Box2D.lib(b2CollideEdge.obj) : warning LNK4099: PDB 'Box2D.pdb' was not found with 'Box2D.lib(b2CollideEdge.obj)' or at 'C:\Users\Cameron\Documents\GitHub\SDLGameEngine\SDLGameEngine\Debug\Box2D.pdb'; linking object as if no debug info
Box2D.lib(b2CollidePolygon.obj) : warning LNK4099: PDB 'Box2D.pdb' was not found with 'Box2D.lib(b2CollidePolygon.obj)' or at 'C:\Users\Cameron\Documents\GitHub\SDLGameEngine\SDLGameEngine\Debug\Box2D.pdb'; linking object as if no debug info
Box2D.lib(b2Collision.obj) : warning LNK4099: PDB 'Box2D.pdb' was not found with 'Box2D.lib(b2Collision.obj)' or at 'C:\Users\Cameron\Documents\GitHub\SDLGameEngine\SDLGameEngine\Debug\Box2D.pdb'; linking object as if no debug info
Box2D.lib(b2Distance.obj) : warning LNK4099: PDB 'Box2D.pdb' was not found with 'Box2D.lib(b2Distance.obj)' or at 'C:\Users\Cameron\Documents\GitHub\SDLGameEngine\SDLGameEngine\Debug\Box2D.pdb'; linking object as if no debug info
Box2D.lib(b2DynamicTree.obj) : warning LNK4099: PDB 'Box2D.pdb' was not found with 'Box2D.lib(b2DynamicTree.obj)' or at 'C:\Users\Cameron\Documents\GitHub\SDLGameEngine\SDLGameEngine\Debug\Box2D.pdb'; linking object as if no debug info
Box2D.lib(b2TimeOfImpact.obj) : warning LNK4099: PDB 'Box2D.pdb' was not found with 'Box2D.lib(b2TimeOfImpact.obj)' or at 'C:\Users\Cameron\Documents\GitHub\SDLGameEngine\SDLGameEngine\Debug\Box2D.pdb'; linking object as if no debug info
Box2D.lib(b2BlockAllocator.obj) : warning LNK4099: PDB 'Box2D.pdb' was not found with 'Box2D.lib(b2BlockAllocator.obj)' or at 'C:\Users\Cameron\Documents\GitHub\SDLGameEngine\SDLGameEngine\Debug\Box2D.pdb'; linking object as if no debug info
Box2D.lib(b2Draw.obj) : warning LNK4099: PDB 'Box2D.pdb' was not found with 'Box2D.lib(b2Draw.obj)' or at 'C:\Users\Cameron\Documents\GitHub\SDLGameEngine\SDLGameEngine\Debug\Box2D.pdb'; linking object as if no debug info
Box2D.lib(b2Math.obj) : warning LNK4099: PDB 'Box2D.pdb' was not found with 'Box2D.lib(b2Math.obj)' or at 'C:\Users\Cameron\Documents\GitHub\SDLGameEngine\SDLGameEngine\Debug\Box2D.pdb'; linking object as if no debug info
Box2D.lib(b2Settings.obj) : warning LNK4099: PDB 'Box2D.pdb' was not found with 'Box2D.lib(b2Settings.obj)' or at 'C:\Users\Cameron\Documents\GitHub\SDLGameEngine\SDLGameEngine\Debug\Box2D.pdb'; linking object as if no debug info
Box2D.lib(b2StackAllocator.obj) : warning LNK4099: PDB 'Box2D.pdb' was not found with 'Box2D.lib(b2StackAllocator.obj)' or at 'C:\Users\Cameron\Documents\GitHub\SDLGameEngine\SDLGameEngine\Debug\Box2D.pdb'; linking object as if no debug info
Box2D.lib(b2Timer.obj) : warning LNK4099: PDB 'Box2D.pdb' was not found with 'Box2D.lib(b2Timer.obj)' or at 'C:\Users\Cameron\Documents\GitHub\SDLGameEngine\SDLGameEngine\Debug\Box2D.pdb'; linking object as if no debug info
Box2D.lib(b2ChainAndCircleContact.obj) : warning LNK4099: PDB 'Box2D.pdb' was not found with 'Box2D.lib(b2ChainAndCircleContact.obj)' or at 'C:\Users\Cameron\Documents\GitHub\SDLGameEngine\SDLGameEngine\Debug\Box2D.pdb'; linking object as if no debug info
Box2D.lib(b2ChainAndPolygonContact.obj) : warning LNK4099: PDB 'Box2D.pdb' was not found with 'Box2D.lib(b2ChainAndPolygonContact.obj)' or at 'C:\Users\Cameron\Documents\GitHub\SDLGameEngine\SDLGameEngine\Debug\Box2D.pdb'; linking object as if no debug info
Box2D.lib(b2CircleContact.obj) : warning LNK4099: PDB 'Box2D.pdb' was not found with 'Box2D.lib(b2CircleContact.obj)' or at 'C:\Users\Cameron\Documents\GitHub\SDLGameEngine\SDLGameEngine\Debug\Box2D.pdb'; linking object as if no debug info
Box2D.lib(b2Contact.obj) : warning LNK4099: PDB 'Box2D.pdb' was not found with 'Box2D.lib(b2Contact.obj)' or at 'C:\Users\Cameron\Documents\GitHub\SDLGameEngine\SDLGameEngine\Debug\Box2D.pdb'; linking object as if no debug info
Box2D.lib(b2ContactSolver.obj) : warning LNK4099: PDB 'Box2D.pdb' was not found with 'Box2D.lib(b2ContactSolver.obj)' or at 'C:\Users\Cameron\Documents\GitHub\SDLGameEngine\SDLGameEngine\Debug\Box2D.pdb'; linking object as if no debug info
Box2D.lib(b2EdgeAndCircleContact.obj) : warning LNK4099: PDB 'Box2D.pdb' was not found with 'Box2D.lib(b2EdgeAndCircleContact.obj)' or at 'C:\Users\Cameron\Documents\GitHub\SDLGameEngine\SDLGameEngine\Debug\Box2D.pdb'; linking object as if no debug info
Box2D.lib(b2EdgeAndPolygonContact.obj) : warning LNK4099: PDB 'Box2D.pdb' was not found with 'Box2D.lib(b2EdgeAndPolygonContact.obj)' or at 'C:\Users\Cameron\Documents\GitHub\SDLGameEngine\SDLGameEngine\Debug\Box2D.pdb'; linking object as if no debug info
Box2D.lib(b2PolygonAndCircleContact.obj) : warning LNK4099: PDB 'Box2D.pdb' was not found with 'Box2D.lib(b2PolygonAndCircleContact.obj)' or at 'C:\Users\Cameron\Documents\GitHub\SDLGameEngine\SDLGameEngine\Debug\Box2D.pdb'; linking object as if no debug info
Box2D.lib(b2PolygonContact.obj) : warning LNK4099: PDB 'Box2D.pdb' was not found with 'Box2D.lib(b2PolygonContact.obj)' or at 'C:\Users\Cameron\Documents\GitHub\SDLGameEngine\SDLGameEngine\Debug\Box2D.pdb'; linking object as if no debug info
Box2D.lib(b2DistanceJoint.obj) : warning LNK4099: PDB 'Box2D.pdb' was not found with 'Box2D.lib(b2DistanceJoint.obj)' or at 'C:\Users\Cameron\Documents\GitHub\SDLGameEngine\SDLGameEngine\Debug\Box2D.pdb'; linking object as if no debug info
Box2D.lib(b2FrictionJoint.obj) : warning LNK4099: PDB 'Box2D.pdb' was not found with 'Box2D.lib(b2FrictionJoint.obj)' or at 'C:\Users\Cameron\Documents\GitHub\SDLGameEngine\SDLGameEngine\Debug\Box2D.pdb'; linking object as if no debug info
Box2D.lib(b2GearJoint.obj) : warning LNK4099: PDB 'Box2D.pdb' was not found with 'Box2D.lib(b2GearJoint.obj)' or at 'C:\Users\Cameron\Documents\GitHub\SDLGameEngine\SDLGameEngine\Debug\Box2D.pdb'; linking object as if no debug info
Box2D.lib(b2Joint.obj) : warning LNK4099: PDB 'Box2D.pdb' was not found with 'Box2D.lib(b2Joint.obj)' or at 'C:\Users\Cameron\Documents\GitHub\SDLGameEngine\SDLGameEngine\Debug\Box2D.pdb'; linking object as if no debug info
Box2D.lib(b2MotorJoint.obj) : warning LNK4099: PDB 'Box2D.pdb' was not found with 'Box2D.lib(b2MotorJoint.obj)' or at 'C:\Users\Cameron\Documents\GitHub\SDLGameEngine\SDLGameEngine\Debug\Box2D.pdb'; linking object as if no debug info
Box2D.lib(b2MouseJoint.obj) : warning LNK4099: PDB 'Box2D.pdb' was not found with 'Box2D.lib(b2MouseJoint.obj)' or at 'C:\Users\Cameron\Documents\GitHub\SDLGameEngine\SDLGameEngine\Debug\Box2D.pdb'; linking object as if no debug info
Box2D.lib(b2PrismaticJoint.obj) : warning LNK4099: PDB 'Box2D.pdb' was not found with 'Box2D.lib(b2PrismaticJoint.obj)' or at 'C:\Users\Cameron\Documents\GitHub\SDLGameEngine\SDLGameEngine\Debug\Box2D.pdb'; linking object as if no debug info
Box2D.lib(b2PulleyJoint.obj) : warning LNK4099: PDB 'Box2D.pdb' was not found with 'Box2D.lib(b2PulleyJoint.obj)' or at 'C:\Users\Cameron\Documents\GitHub\SDLGameEngine\SDLGameEngine\Debug\Box2D.pdb'; linking object as if no debug info
Box2D.lib(b2RevoluteJoint.obj) : warning LNK4099: PDB 'Box2D.pdb' was not found with 'Box2D.lib(b2RevoluteJoint.obj)' or at 'C:\Users\Cameron\Documents\GitHub\SDLGameEngine\SDLGameEngine\Debug\Box2D.pdb'; linking object as if no debug info
Box2D.lib(b2RopeJoint.obj) : warning LNK4099: PDB 'Box2D.pdb' was not found with 'Box2D.lib(b2RopeJoint.obj)' or at 'C:\Users\Cameron\Documents\GitHub\SDLGameEngine\SDLGameEngine\Debug\Box2D.pdb'; linking object as if no debug info
Box2D.lib(b2WeldJoint.obj) : warning LNK4099: PDB 'Box2D.pdb' was not found with 'Box2D.lib(b2WeldJoint.obj)' or at 'C:\Users\Cameron\Documents\GitHub\SDLGameEngine\SDLGameEngine\Debug\Box2D.pdb'; linking object as if no debug info
Box2D.lib(b2WheelJoint.obj) : warning LNK4099: PDB 'Box2D.pdb' was not found with 'Box2D.lib(b2WheelJoint.obj)' or at 'C:\Users\Cameron\Documents\GitHub\SDLGameEngine\SDLGameEngine\Debug\Box2D.pdb'; linking object as if no debug info
Box2D.lib(b2Body.obj) : warning LNK4099: PDB 'Box2D.pdb' was not found with 'Box2D.lib(b2Body.obj)' or at 'C:\Users\Cameron\Documents\GitHub\SDLGameEngine\SDLGameEngine\Debug\Box2D.pdb'; linking object as if no debug info
Box2D.lib(b2ContactManager.obj) : warning LNK4099: PDB 'Box2D.pdb' was not found with 'Box2D.lib(b2ContactManager.obj)' or at 'C:\Users\Cameron\Documents\GitHub\SDLGameEngine\SDLGameEngine\Debug\Box2D.pdb'; linking object as if no debug info
Box2D.lib(b2Fixture.obj) : warning LNK4099: PDB 'Box2D.pdb' was not found with 'Box2D.lib(b2Fixture.obj)' or at 'C:\Users\Cameron\Documents\GitHub\SDLGameEngine\SDLGameEngine\Debug\Box2D.pdb'; linking object as if no debug info
Box2D.lib(b2Island.obj) : warning LNK4099: PDB 'Box2D.pdb' was not found with 'Box2D.lib(b2Island.obj)' or at 'C:\Users\Cameron\Documents\GitHub\SDLGameEngine\SDLGameEngine\Debug\Box2D.pdb'; linking object as if no debug info
Box2D.lib(b2World.obj) : warning LNK4099: PDB 'Box2D.pdb' was not found with 'Box2D.lib(b2World.obj)' or at 'C:\Users\Cameron\Documents\GitHub\SDLGameEngine\SDLGameEngine\Debug\Box2D.pdb'; linking object as if no debug info
Box2D.lib(b2WorldCallbacks.obj) : warning LNK4099: PDB 'Box2D.pdb' was not found with 'Box2D.lib(b2WorldCallbacks.obj)' or at 'C:\Users\Cameron\Documents\GitHub\SDLGameEngine\SDLGameEngine\Debug\Box2D.pdb'; linking object as if no debug info
  SDLGameEngine.vcxproj -> C:\Users\Cameron\Documents\GitHub\SDLGameEngine\SDLGameEngine\Debug\SDLGameEngine.exe
          1 file(s) copied.
          1 file(s) copied.
          1 file(s) copied.
          1 file(s) copied.
          1 file(s) copied.
          1 file(s) copied.
          1 file(s) copied.
          1 file(s) copied.
          1 file(s) copied.
